This file contains any messages produced by compilers while
running configure, to aid debugging if configure makes a mistake.

configure:529: checking for gcc
configure:642: checking whether the C compiler (gcc  ) works
configure:658: gcc -o conftest    conftest.c  1>&5
configure:684: checking whether the C compiler (gcc  ) is a cross-compiler
configure:689: checking whether we are using GNU C
configure:717: checking whether gcc accepts -g
configure:750: checking for gethostbyname in -lnsl
configure:797: checking for connect in -lsocket
configure:844: checking for sqrt in -lm
configure:892: checking how to run the C preprocessor
configure:972: checking for ANSI C header files
configure:1079: checking for sys/time.h
configure:1079: checking for unistd.h
configure:1117: checking for working const
configure:1192: checking whether time.h and sys/time.h may both be included
configure:1228: checking return type of signal handlers
configure:1271: checking for gettimeofday
configure:1271: checking for select
configure:1271: checking for socket
configure:1271: checking for strerror
configure:1355: checking for a BSD compatible install
